<?xml version="1.0" encoding="UTF-8"?>
<testsuite xmlns:xsi="http://www.w3.org/2001/XMLSchema-instance" xsi:noNamespaceSchemaLocation="https://maven.apache.org/surefire/maven-surefire-plugin/xsd/surefire-test-report.xsd" name="Allos.AppTest" time="0.094" tests="1" errors="0" skipped="0" failures="0">
  <properties>
    <property name="java.specification.version" value="14"/>
    <property name="sun.cpu.isalist" value="amd64"/>
    <property name="sun.jnu.encoding" value="Cp1252"/>
    <property name="java.class.path" value="C:\Users\Stefano\Documents\Recruit assistant\recAssistant\target\test-classes;C:\Users\Stefano\Documents\Recruit assistant\recAssistant\target\classes;C:\Users\Stefano\.m2\repository\junit\junit\4.11\junit-4.11.jar;C:\Users\Stefano\.m2\repository\org\hamcrest\hamcrest-core\1.3\hamcrest-core-1.3.jar;C:\Users\Stefano\.m2\repository\com\ibm\watson\ibm-watson\8.5.0\ibm-watson-8.5.0.jar;C:\Users\Stefano\.m2\repository\com\ibm\watson\assistant\8.5.0\assistant-8.5.0.jar;C:\Users\Stefano\.m2\repository\com\ibm\cloud\sdk-core\8.1.0\sdk-core-8.1.0.jar;C:\Users\Stefano\.m2\repository\com\squareup\okhttp3\okhttp\3.12.1\okhttp-3.12.1.jar;C:\Users\Stefano\.m2\repository\com\squareup\okio\okio\1.15.0\okio-1.15.0.jar;C:\Users\Stefano\.m2\repository\com\squareup\okhttp3\logging-interceptor\3.12.1\logging-interceptor-3.12.1.jar;C:\Users\Stefano\.m2\repository\com\squareup\okhttp3\okhttp-urlconnection\3.12.1\okhttp-urlconnection-3.12.1.jar;C:\Users\Stefano\.m2\repository\commons-codec\commons-codec\1.12\commons-codec-1.12.jar;C:\Users\Stefano\.m2\repository\commons-io\commons-io\2.6\commons-io-2.6.jar;C:\Users\Stefano\.m2\repository\org\apache\commons\commons-lang3\3.8.1\commons-lang3-3.8.1.jar;C:\Users\Stefano\.m2\repository\com\google\guava\guava\27.1-android\guava-27.1-android.jar;C:\Users\Stefano\.m2\repository\com\google\guava\failureaccess\1.0.1\failureaccess-1.0.1.jar;C:\Users\Stefano\.m2\repository\com\google\guava\listenablefuture\9999.0-empty-to-avoid-conflict-with-guava\listenablefuture-9999.0-empty-to-avoid-conflict-with-guava.jar;C:\Users\Stefano\.m2\repository\com\google\code\findbugs\jsr305\3.0.2\jsr305-3.0.2.jar;C:\Users\Stefano\.m2\repository\org\checkerframework\checker-compat-qual\2.5.2\checker-compat-qual-2.5.2.jar;C:\Users\Stefano\.m2\repository\com\google\errorprone\error_prone_annotations\2.2.0\error_prone_annotations-2.2.0.jar;C:\Users\Stefano\.m2\repository\com\google\j2objc\j2objc-annotations\1.1\j2objc-annotations-1.1.jar;C:\Users\Stefano\.m2\repository\org\codehaus\mojo\animal-sniffer-annotations\1.17\animal-sniffer-annotations-1.17.jar;C:\Users\Stefano\.m2\repository\com\google\code\gson\gson\2.8.5\gson-2.8.5.jar;C:\Users\Stefano\.m2\repository\io\reactivex\rxjava2\rxjava\2.2.7\rxjava-2.2.7.jar;C:\Users\Stefano\.m2\repository\org\reactivestreams\reactive-streams\1.0.2\reactive-streams-1.0.2.jar;C:\Users\Stefano\.m2\repository\com\ibm\watson\common\8.5.0\common-8.5.0.jar;C:\Users\Stefano\.m2\repository\com\ibm\watson\compare-comply\8.5.0\compare-comply-8.5.0.jar;C:\Users\Stefano\.m2\repository\com\ibm\watson\discovery\8.5.0\discovery-8.5.0.jar;C:\Users\Stefano\.m2\repository\com\ibm\watson\language-translator\8.5.0\language-translator-8.5.0.jar;C:\Users\Stefano\.m2\repository\com\ibm\watson\natural-language-classifier\8.5.0\natural-language-classifier-8.5.0.jar;C:\Users\Stefano\.m2\repository\com\ibm\watson\natural-language-understanding\8.5.0\natural-language-understanding-8.5.0.jar;C:\Users\Stefano\.m2\repository\com\ibm\watson\personality-insights\8.5.0\personality-insights-8.5.0.jar;C:\Users\Stefano\.m2\repository\com\ibm\watson\speech-to-text\8.5.0\speech-to-text-8.5.0.jar;C:\Users\Stefano\.m2\repository\com\ibm\watson\text-to-speech\8.5.0\text-to-speech-8.5.0.jar;C:\Users\Stefano\.m2\repository\com\ibm\watson\tone-analyzer\8.5.0\tone-analyzer-8.5.0.jar;C:\Users\Stefano\.m2\repository\com\ibm\watson\visual-recognition\8.5.0\visual-recognition-8.5.0.jar;"/>
    <property name="java.vm.vendor" value="Oracle Corporation"/>
    <property name="sun.arch.data.model" value="64"/>
    <property name="user.variant" value=""/>
    <property name="java.vendor.url" value="https://java.oracle.com/"/>
    <property name="user.timezone" value="Europe/Rome"/>
    <property name="os.name" value="Windows 10"/>
    <property name="java.vm.specification.version" value="14"/>
    <property name="sun.java.launcher" value="SUN_STANDARD"/>
    <property name="user.country" value="IT"/>
    <property name="sun.boot.library.path" value="C:\Program Files\Java\jdk-14.0.1\bin"/>
    <property name="sun.java.command" value="C:\Users\Stefano\AppData\Local\Temp\surefire16721038045412077258\surefirebooter18035932417087930865.jar C:\Users\Stefano\AppData\Local\Temp\surefire16721038045412077258 2020-07-13T16-46-33_331-jvmRun1 surefire3466354021727029612tmp surefire_013511039400735106335tmp"/>
    <property name="jdk.debug" value="release"/>
    <property name="surefire.test.class.path" value="C:\Users\Stefano\Documents\Recruit assistant\recAssistant\target\test-classes;C:\Users\Stefano\Documents\Recruit assistant\recAssistant\target\classes;C:\Users\Stefano\.m2\repository\junit\junit\4.11\junit-4.11.jar;C:\Users\Stefano\.m2\repository\org\hamcrest\hamcrest-core\1.3\hamcrest-core-1.3.jar;C:\Users\Stefano\.m2\repository\com\ibm\watson\ibm-watson\8.5.0\ibm-watson-8.5.0.jar;C:\Users\Stefano\.m2\repository\com\ibm\watson\assistant\8.5.0\assistant-8.5.0.jar;C:\Users\Stefano\.m2\repository\com\ibm\cloud\sdk-core\8.1.0\sdk-core-8.1.0.jar;C:\Users\Stefano\.m2\repository\com\squareup\okhttp3\okhttp\3.12.1\okhttp-3.12.1.jar;C:\Users\Stefano\.m2\repository\com\squareup\okio\okio\1.15.0\okio-1.15.0.jar;C:\Users\Stefano\.m2\repository\com\squareup\okhttp3\logging-interceptor\3.12.1\logging-interceptor-3.12.1.jar;C:\Users\Stefano\.m2\repository\com\squareup\okhttp3\okhttp-urlconnection\3.12.1\okhttp-urlconnection-3.12.1.jar;C:\Users\Stefano\.m2\repository\commons-codec\commons-codec\1.12\commons-codec-1.12.jar;C:\Users\Stefano\.m2\repository\commons-io\commons-io\2.6\commons-io-2.6.jar;C:\Users\Stefano\.m2\repository\org\apache\commons\commons-lang3\3.8.1\commons-lang3-3.8.1.jar;C:\Users\Stefano\.m2\repository\com\google\guava\guava\27.1-android\guava-27.1-android.jar;C:\Users\Stefano\.m2\repository\com\google\guava\failureaccess\1.0.1\failureaccess-1.0.1.jar;C:\Users\Stefano\.m2\repository\com\google\guava\listenablefuture\9999.0-empty-to-avoid-conflict-with-guava\listenablefuture-9999.0-empty-to-avoid-conflict-with-guava.jar;C:\Users\Stefano\.m2\repository\com\google\code\findbugs\jsr305\3.0.2\jsr305-3.0.2.jar;C:\Users\Stefano\.m2\repository\org\checkerframework\checker-compat-qual\2.5.2\checker-compat-qual-2.5.2.jar;C:\Users\Stefano\.m2\repository\com\google\errorprone\error_prone_annotations\2.2.0\error_prone_annotations-2.2.0.jar;C:\Users\Stefano\.m2\repository\com\google\j2objc\j2objc-annotations\1.1\j2objc-annotations-1.1.jar;C:\Users\Stefano\.m2\repository\org\codehaus\mojo\animal-sniffer-annotations\1.17\animal-sniffer-annotations-1.17.jar;C:\Users\Stefano\.m2\repository\com\google\code\gson\gson\2.8.5\gson-2.8.5.jar;C:\Users\Stefano\.m2\repository\io\reactivex\rxjava2\rxjava\2.2.7\rxjava-2.2.7.jar;C:\Users\Stefano\.m2\repository\org\reactivestreams\reactive-streams\1.0.2\reactive-streams-1.0.2.jar;C:\Users\Stefano\.m2\repository\com\ibm\watson\common\8.5.0\common-8.5.0.jar;C:\Users\Stefano\.m2\repository\com\ibm\watson\compare-comply\8.5.0\compare-comply-8.5.0.jar;C:\Users\Stefano\.m2\repository\com\ibm\watson\discovery\8.5.0\discovery-8.5.0.jar;C:\Users\Stefano\.m2\repository\com\ibm\watson\language-translator\8.5.0\language-translator-8.5.0.jar;C:\Users\Stefano\.m2\repository\com\ibm\watson\natural-language-classifier\8.5.0\natural-language-classifier-8.5.0.jar;C:\Users\Stefano\.m2\repository\com\ibm\watson\natural-language-understanding\8.5.0\natural-language-understanding-8.5.0.jar;C:\Users\Stefano\.m2\repository\com\ibm\watson\personality-insights\8.5.0\personality-insights-8.5.0.jar;C:\Users\Stefano\.m2\repository\com\ibm\watson\speech-to-text\8.5.0\speech-to-text-8.5.0.jar;C:\Users\Stefano\.m2\repository\com\ibm\watson\text-to-speech\8.5.0\text-to-speech-8.5.0.jar;C:\Users\Stefano\.m2\repository\com\ibm\watson\tone-analyzer\8.5.0\tone-analyzer-8.5.0.jar;C:\Users\Stefano\.m2\repository\com\ibm\watson\visual-recognition\8.5.0\visual-recognition-8.5.0.jar;"/>
    <property name="sun.cpu.endian" value="little"/>
    <property name="user.home" value="C:\Users\Stefano"/>
    <property name="user.language" value="it"/>
    <property name="java.specification.vendor" value="Oracle Corporation"/>
    <property name="java.version.date" value="2020-04-14"/>
    <property name="java.home" value="C:\Program Files\Java\jdk-14.0.1"/>
    <property name="file.separator" value="\"/>
    <property name="basedir" value="C:\Users\Stefano\Documents\Recruit assistant\recAssistant"/>
    <property name="java.vm.compressedOopsMode" value="32-bit"/>
    <property name="line.separator" value="&#10;"/>
    <property name="java.vm.specification.vendor" value="Oracle Corporation"/>
    <property name="java.specification.name" value="Java Platform API Specification"/>
    <property name="surefire.real.class.path" value="C:\Users\Stefano\AppData\Local\Temp\surefire16721038045412077258\surefirebooter18035932417087930865.jar"/>
    <property name="user.script" value=""/>
    <property name="sun.management.compiler" value="HotSpot 64-Bit Tiered Compilers"/>
    <property name="java.runtime.version" value="14.0.1+7"/>
    <property name="user.name" value="Stefano"/>
    <property name="path.separator" value=";"/>
    <property name="os.version" value="10.0"/>
    <property name="java.runtime.name" value="Java(TM) SE Runtime Environment"/>
    <property name="file.encoding" value="Cp1252"/>
    <property name="java.vm.name" value="Java HotSpot(TM) 64-Bit Server VM"/>
    <property name="localRepository" value="C:\Users\Stefano\.m2\repository"/>
    <property name="java.vendor.url.bug" value="https://bugreport.java.com/bugreport/"/>
    <property name="java.io.tmpdir" value="C:\Users\Stefano\AppData\Local\Temp\"/>
    <property name="java.version" value="14.0.1"/>
    <property name="user.dir" value="C:\Users\Stefano\Documents\Recruit assistant\recAssistant"/>
    <property name="os.arch" value="amd64"/>
    <property name="java.vm.specification.name" value="Java Virtual Machine Specification"/>
    <property name="sun.os.patch.level" value=""/>
    <property name="java.library.path" value="C:\Program Files\Java\jdk-14.0.1\bin;C:\WINDOWS\Sun\Java\bin;C:\WINDOWS\system32;C:\WINDOWS;C:\Program Files (x86)\Common Files\Oracle\Java\javapath;C:\WINDOWS\system32;C:\WINDOWS;C:\WINDOWS\System32\Wbem;C:\WINDOWS\System32\WindowsPowerShell\v1.0\;C:\WINDOWS\System32\OpenSSH\;C:\Program Files\Git\cmd;C:\Program Files\MATLAB\R2020a\bin;C:\Program Files\apache-maven-3.6.3\bin;C:\Users\Stefano\AppData\Local\Microsoft\WindowsApps;C:\texlive\2019\bin\win32;C:\Users\Stefano\AppData\Local\Programs\Microsoft VS Code\bin;C:\Program Files\IBM\Cloud\bin;C:\Program Files\apache-maven-3.6.3\bin;;."/>
    <property name="java.vm.info" value="mixed mode, sharing"/>
    <property name="java.vendor" value="Oracle Corporation"/>
    <property name="java.vm.version" value="14.0.1+7"/>
    <property name="sun.io.unicode.encoding" value="UnicodeLittle"/>
    <property name="java.class.version" value="58.0"/>
  </properties>
  <testcase name="shouldAnswerWithTrue" classname="Allos.AppTest" time="0"/>
</testsuite>